This is pdfTeX, Version 3.1415926-2.5-1.40.14 (MiKTeX 2.9) (preloaded format=pdflatex 2014.4.28)  29 AUG 2014 14:05
entering extended mode
**memoria.tex
(C:\Users\Adrián\Desktop\tfg\stac\documentacion\memoria\memoria.tex
LaTeX2e <2011/06/27>
Babel <v3.8m> and hyphenation patterns for english, afrikaans, ancientgreek, ar
abic, armenian, assamese, basque, bengali, bokmal, bulgarian, catalan, coptic, 
croatian, czech, danish, dutch, esperanto, estonian, farsi, finnish, french, ga
lician, german, german-x-2013-05-26, greek, gujarati, hindi, hungarian, iceland
ic, indonesian, interlingua, irish, italian, kannada, kurmanji, latin, latvian,
 lithuanian, malayalam, marathi, mongolian, mongolianlmc, monogreek, ngerman, n
german-x-2013-05-26, nynorsk, oriya, panjabi, pinyin, polish, portuguese, roman
ian, russian, sanskrit, serbian, slovak, slovenian, spanish, swedish, swissgerm
an, tamil, telugu, turkish, turkmen, ukenglish, ukrainian, uppersorbian, usengl
ishmax, welsh, loaded.
("C:\Program Files (x86)\MiKTeX 2.9\tex\latex\base\book.cls"
Document Class: book 2007/10/19 v1.4h Standard LaTeX document class
("C:\Program Files (x86)\MiKTeX 2.9\tex\latex\base\bk10.clo"
File: bk10.clo 2007/10/19 v1.4h Standard LaTeX file (size option)
)
\c@part=\count79
\c@chapter=\count80
\c@section=\count81
\c@subsection=\count82
\c@subsubsection=\count83
\c@paragraph=\count84
\c@subparagraph=\count85
\c@figure=\count86
\c@table=\count87
\abovecaptionskip=\skip41
\belowcaptionskip=\skip42
\bibindent=\dimen102
)
("C:\Program Files (x86)\MiKTeX 2.9\tex\latex\base\inputenc.sty"
Package: inputenc 2008/03/30 v1.1d Input encoding file
\inpenc@prehook=\toks14
\inpenc@posthook=\toks15

("C:\Program Files (x86)\MiKTeX 2.9\tex\latex\base\utf8.def"
File: utf8.def 2008/04/05 v1.1m UTF-8 support for inputenc
Now handling font encoding OML ...
... no UTF-8 mapping file for font encoding OML
Now handling font encoding T1 ...
... processing UTF-8 mapping file for font encoding T1

("C:\Program Files (x86)\MiKTeX 2.9\tex\latex\base\t1enc.dfu"
File: t1enc.dfu 2008/04/05 v1.1m UTF-8 support for inputenc
   defining Unicode char U+00A1 (decimal 161)
   defining Unicode char U+00A3 (decimal 163)
   defining Unicode char U+00AB (decimal 171)
   defining Unicode char U+00BB (decimal 187)
   defining Unicode char U+00BF (decimal 191)
   defining Unicode char U+00C0 (decimal 192)
   defining Unicode char U+00C1 (decimal 193)
   defining Unicode char U+00C2 (decimal 194)
   defining Unicode char U+00C3 (decimal 195)
   defining Unicode char U+00C4 (decimal 196)
   defining Unicode char U+00C5 (decimal 197)
   defining Unicode char U+00C6 (decimal 198)
   defining Unicode char U+00C7 (decimal 199)
   defining Unicode char U+00C8 (decimal 200)
   defining Unicode char U+00C9 (decimal 201)
   defining Unicode char U+00CA (decimal 202)
   defining Unicode char U+00CB (decimal 203)
   defining Unicode char U+00CC (decimal 204)
   defining Unicode char U+00CD (decimal 205)
   defining Unicode char U+00CE (decimal 206)
   defining Unicode char U+00CF (decimal 207)
   defining Unicode char U+00D0 (decimal 208)
   defining Unicode char U+00D1 (decimal 209)
   defining Unicode char U+00D2 (decimal 210)
   defining Unicode char U+00D3 (decimal 211)
   defining Unicode char U+00D4 (decimal 212)
   defining Unicode char U+00D5 (decimal 213)
   defining Unicode char U+00D6 (decimal 214)
   defining Unicode char U+00D8 (decimal 216)
   defining Unicode char U+00D9 (decimal 217)
   defining Unicode char U+00DA (decimal 218)
   defining Unicode char U+00DB (decimal 219)
   defining Unicode char U+00DC (decimal 220)
   defining Unicode char U+00DD (decimal 221)
   defining Unicode char U+00DE (decimal 222)
   defining Unicode char U+00DF (decimal 223)
   defining Unicode char U+00E0 (decimal 224)
   defining Unicode char U+00E1 (decimal 225)
   defining Unicode char U+00E2 (decimal 226)
   defining Unicode char U+00E3 (decimal 227)
   defining Unicode char U+00E4 (decimal 228)
   defining Unicode char U+00E5 (decimal 229)
   defining Unicode char U+00E6 (decimal 230)
   defining Unicode char U+00E7 (decimal 231)
   defining Unicode char U+00E8 (decimal 232)
   defining Unicode char U+00E9 (decimal 233)
   defining Unicode char U+00EA (decimal 234)
   defining Unicode char U+00EB (decimal 235)
   defining Unicode char U+00EC (decimal 236)
   defining Unicode char U+00ED (decimal 237)
   defining Unicode char U+00EE (decimal 238)
   defining Unicode char U+00EF (decimal 239)
   defining Unicode char U+00F0 (decimal 240)
   defining Unicode char U+00F1 (decimal 241)
   defining Unicode char U+00F2 (decimal 242)
   defining Unicode char U+00F3 (decimal 243)
   defining Unicode char U+00F4 (decimal 244)
   defining Unicode char U+00F5 (decimal 245)
   defining Unicode char U+00F6 (decimal 246)
   defining Unicode char U+00F8 (decimal 248)
   defining Unicode char U+00F9 (decimal 249)
   defining Unicode char U+00FA (decimal 250)
   defining Unicode char U+00FB (decimal 251)
   defining Unicode char U+00FC (decimal 252)
   defining Unicode char U+00FD (decimal 253)
   defining Unicode char U+00FE (decimal 254)
   defining Unicode char U+00FF (decimal 255)
   defining Unicode char U+0102 (decimal 258)
   defining Unicode char U+0103 (decimal 259)
   defining Unicode char U+0104 (decimal 260)
   defining Unicode char U+0105 (decimal 261)
   defining Unicode char U+0106 (decimal 262)
   defining Unicode char U+0107 (decimal 263)
   defining Unicode char U+010C (decimal 268)
   defining Unicode char U+010D (decimal 269)
   defining Unicode char U+010E (decimal 270)
   defining Unicode char U+010F (decimal 271)
   defining Unicode char U+0110 (decimal 272)
   defining Unicode char U+0111 (decimal 273)
   defining Unicode char U+0118 (decimal 280)
   defining Unicode char U+0119 (decimal 281)
   defining Unicode char U+011A (decimal 282)
   defining Unicode char U+011B (decimal 283)
   defining Unicode char U+011E (decimal 286)
   defining Unicode char U+011F (decimal 287)
   defining Unicode char U+0130 (decimal 304)
   defining Unicode char U+0131 (decimal 305)
   defining Unicode char U+0132 (decimal 306)
   defining Unicode char U+0133 (decimal 307)
   defining Unicode char U+0139 (decimal 313)
   defining Unicode char U+013A (decimal 314)
   defining Unicode char U+013D (decimal 317)
   defining Unicode char U+013E (decimal 318)
   defining Unicode char U+0141 (decimal 321)
   defining Unicode char U+0142 (decimal 322)
   defining Unicode char U+0143 (decimal 323)
   defining Unicode char U+0144 (decimal 324)
   defining Unicode char U+0147 (decimal 327)
   defining Unicode char U+0148 (decimal 328)
   defining Unicode char U+014A (decimal 330)
   defining Unicode char U+014B (decimal 331)
   defining Unicode char U+0150 (decimal 336)
   defining Unicode char U+0151 (decimal 337)
   defining Unicode char U+0152 (decimal 338)
   defining Unicode char U+0153 (decimal 339)
   defining Unicode char U+0154 (decimal 340)
   defining Unicode char U+0155 (decimal 341)
   defining Unicode char U+0158 (decimal 344)
   defining Unicode char U+0159 (decimal 345)
   defining Unicode char U+015A (decimal 346)
   defining Unicode char U+015B (decimal 347)
   defining Unicode char U+015E (decimal 350)
   defining Unicode char U+015F (decimal 351)
   defining Unicode char U+0160 (decimal 352)
   defining Unicode char U+0161 (decimal 353)
   defining Unicode char U+0162 (decimal 354)
   defining Unicode char U+0163 (decimal 355)
   defining Unicode char U+0164 (decimal 356)
   defining Unicode char U+0165 (decimal 357)
   defining Unicode char U+016E (decimal 366)
   defining Unicode char U+016F (decimal 367)
   defining Unicode char U+0170 (decimal 368)
   defining Unicode char U+0171 (decimal 369)
   defining Unicode char U+0178 (decimal 376)
   defining Unicode char U+0179 (decimal 377)
   defining Unicode char U+017A (decimal 378)
   defining Unicode char U+017B (decimal 379)
   defining Unicode char U+017C (decimal 380)
   defining Unicode char U+017D (decimal 381)
   defining Unicode char U+017E (decimal 382)
   defining Unicode char U+200C (decimal 8204)
   defining Unicode char U+2013 (decimal 8211)
   defining Unicode char U+2014 (decimal 8212)
   defining Unicode char U+2018 (decimal 8216)
   defining Unicode char U+2019 (decimal 8217)
   defining Unicode char U+201A (decimal 8218)
   defining Unicode char U+201C (decimal 8220)
   defining Unicode char U+201D (decimal 8221)
   defining Unicode char U+201E (decimal 8222)
   defining Unicode char U+2030 (decimal 8240)
   defining Unicode char U+2031 (decimal 8241)
   defining Unicode char U+2039 (decimal 8249)
   defining Unicode char U+203A (decimal 8250)
   defining Unicode char U+2423 (decimal 9251)
)
Now handling font encoding OT1 ...
... processing UTF-8 mapping file for font encoding OT1

("C:\Program Files (x86)\MiKTeX 2.9\tex\latex\base\ot1enc.dfu"
File: ot1enc.dfu 2008/04/05 v1.1m UTF-8 support for inputenc
   defining Unicode char U+00A1 (decimal 161)
   defining Unicode char U+00A3 (decimal 163)
   defining Unicode char U+00B8 (decimal 184)
   defining Unicode char U+00BF (decimal 191)
   defining Unicode char U+00C5 (decimal 197)
   defining Unicode char U+00C6 (decimal 198)
   defining Unicode char U+00D8 (decimal 216)
   defining Unicode char U+00DF (decimal 223)
   defining Unicode char U+00E6 (decimal 230)
   defining Unicode char U+00EC (decimal 236)
   defining Unicode char U+00ED (decimal 237)
   defining Unicode char U+00EE (decimal 238)
   defining Unicode char U+00EF (decimal 239)
   defining Unicode char U+00F8 (decimal 248)
   defining Unicode char U+0131 (decimal 305)
   defining Unicode char U+0141 (decimal 321)
   defining Unicode char U+0142 (decimal 322)
   defining Unicode char U+0152 (decimal 338)
   defining Unicode char U+0153 (decimal 339)
   defining Unicode char U+2013 (decimal 8211)
   defining Unicode char U+2014 (decimal 8212)
   defining Unicode char U+2018 (decimal 8216)
   defining Unicode char U+2019 (decimal 8217)
   defining Unicode char U+201C (decimal 8220)
   defining Unicode char U+201D (decimal 8221)
)
Now handling font encoding OMS ...
... processing UTF-8 mapping file for font encoding OMS

("C:\Program Files (x86)\MiKTeX 2.9\tex\latex\base\omsenc.dfu"
File: omsenc.dfu 2008/04/05 v1.1m UTF-8 support for inputenc
   defining Unicode char U+00A7 (decimal 167)
   defining Unicode char U+00B6 (decimal 182)
   defining Unicode char U+00B7 (decimal 183)
   defining Unicode char U+2020 (decimal 8224)
   defining Unicode char U+2021 (decimal 8225)
   defining Unicode char U+2022 (decimal 8226)
)
Now handling font encoding OMX ...
... no UTF-8 mapping file for font encoding OMX
Now handling font encoding U ...
... no UTF-8 mapping file for font encoding U
   defining Unicode char U+00A9 (decimal 169)
   defining Unicode char U+00AA (decimal 170)
   defining Unicode char U+00AE (decimal 174)
   defining Unicode char U+00BA (decimal 186)
   defining Unicode char U+02C6 (decimal 710)
   defining Unicode char U+02DC (decimal 732)
   defining Unicode char U+200C (decimal 8204)
   defining Unicode char U+2026 (decimal 8230)
   defining Unicode char U+2122 (decimal 8482)
   defining Unicode char U+2423 (decimal 9251)
))
("C:\Program Files (x86)\MiKTeX 2.9\tex\generic\babel\babel.sty"
Package: babel 2008/07/08 v3.8m The Babel package

*************************************
* Local config file bblopts.cfg used
*
("C:\Program Files (x86)\MiKTeX 2.9\tex\latex\00miktex\bblopts.cfg"
File: bblopts.cfg 2006/07/31 v1.0 MiKTeX 'babel' configuration
)
("C:\Program Files (x86)\MiKTeX 2.9\tex\generic\babel\spanish.ldf"
Language: spanish.ldf 2009/01/02 v5.0h Spanish support from the babel system

("C:\Program Files (x86)\MiKTeX 2.9\tex\generic\babel\babel.def"
File: babel.def 2008/07/08 v3.8m Babel common definitions
\babel@savecnt=\count88
\U@D=\dimen103
)
\es@datefmt=\count89
\es@quottoks=\toks16
\es@quotdepth=\count90
Package babel Info: Making " an active character on input line 492.
Package babel Info: Making . an active character on input line 585.
Package babel Info: Making < an active character on input line 630.
Package babel Info: Making > an active character on input line 630.
))
("C:\Program Files (x86)\MiKTeX 2.9\tex\latex\graphics\graphicx.sty"
Package: graphicx 1999/02/16 v1.0f Enhanced LaTeX Graphics (DPC,SPQR)

("C:\Program Files (x86)\MiKTeX 2.9\tex\latex\graphics\keyval.sty"
Package: keyval 1999/03/16 v1.13 key=value parser (DPC)
\KV@toks@=\toks17
)
("C:\Program Files (x86)\MiKTeX 2.9\tex\latex\graphics\graphics.sty"
Package: graphics 2009/02/05 v1.0o Standard LaTeX Graphics (DPC,SPQR)

("C:\Program Files (x86)\MiKTeX 2.9\tex\latex\graphics\trig.sty"
Package: trig 1999/03/16 v1.09 sin cos tan (DPC)
)
("C:\Program Files (x86)\MiKTeX 2.9\tex\latex\00miktex\graphics.cfg"
File: graphics.cfg 2007/01/18 v1.5 graphics configuration of teTeX/TeXLive
)
Package graphics Info: Driver file: pdftex.def on input line 91.

("C:\Program Files (x86)\MiKTeX 2.9\tex\latex\pdftex-def\pdftex.def"
File: pdftex.def 2011/05/27 v0.06d Graphics/color for pdfTeX

("C:\Program Files (x86)\MiKTeX 2.9\tex\generic\oberdiek\infwarerr.sty"
Package: infwarerr 2010/04/08 v1.3 Providing info/warning/error messages (HO)
)
("C:\Program Files (x86)\MiKTeX 2.9\tex\generic\oberdiek\ltxcmds.sty"
Package: ltxcmds 2011/11/09 v1.22 LaTeX kernel commands for general use (HO)
)
\Gread@gobject=\count91
))
\Gin@req@height=\dimen104
\Gin@req@width=\dimen105
)
("C:\Program Files (x86)\MiKTeX 2.9\tex\latex\subfigure\subfigure.sty"
Package: subfigure 2002/07/30 v2.1.4 subfigure package
\subfigtopskip=\skip43
\subfigcapskip=\skip44
\subfigcaptopadj=\dimen106
\subfigbottomskip=\skip45
\subfigcapmargin=\dimen107
\subfiglabelskip=\skip46
\c@subfigure=\count92
\c@lofdepth=\count93
\c@subtable=\count94
\c@lotdepth=\count95

****************************************
* Local config file subfigure.cfg used *
****************************************
("C:\Program Files (x86)\MiKTeX 2.9\tex\latex\subfigure\subfigure.cfg")
\subfig@top=\skip47
\subfig@bottom=\skip48
)
("C:\Program Files (x86)\MiKTeX 2.9\tex\latex\hyperref\hyperref.sty"
Package: hyperref 2012/11/06 v6.83m Hypertext links for LaTeX

("C:\Program Files (x86)\MiKTeX 2.9\tex\generic\oberdiek\hobsub-hyperref.sty"
Package: hobsub-hyperref 2012/04/25 v1.12 Bundle oberdiek, subset hyperref (HO)


("C:\Program Files (x86)\MiKTeX 2.9\tex\generic\oberdiek\hobsub-generic.sty"
Package: hobsub-generic 2012/04/25 v1.12 Bundle oberdiek, subset generic (HO)
Package: hobsub 2012/04/25 v1.12 Construct package bundles (HO)
Package hobsub Info: Skipping package `infwarerr' (already loaded).
Package hobsub Info: Skipping package `ltxcmds' (already loaded).
Package: ifluatex 2010/03/01 v1.3 Provides the ifluatex switch (HO)
Package ifluatex Info: LuaTeX not detected.
Package: ifvtex 2010/03/01 v1.5 Detect VTeX and its facilities (HO)
Package ifvtex Info: VTeX not detected.
Package: intcalc 2007/09/27 v1.1 Expandable calculations with integers (HO)
Package: ifpdf 2011/01/30 v2.3 Provides the ifpdf switch (HO)
Package ifpdf Info: pdfTeX in PDF mode is detected.
Package: etexcmds 2011/02/16 v1.5 Avoid name clashes with e-TeX commands (HO)
Package etexcmds Info: Could not find \expanded.
(etexcmds)             That can mean that you are not using pdfTeX 1.50 or
(etexcmds)             that some package has redefined \expanded.
(etexcmds)             In the latter case, load this package earlier.
Package: kvsetkeys 2012/04/25 v1.16 Key value parser (HO)
Package: kvdefinekeys 2011/04/07 v1.3 Define keys (HO)
Package: pdftexcmds 2011/11/29 v0.20 Utility functions of pdfTeX for LuaTeX (HO
)
Package pdftexcmds Info: LuaTeX not detected.
Package pdftexcmds Info: \pdf@primitive is available.
Package pdftexcmds Info: \pdf@ifprimitive is available.
Package pdftexcmds Info: \pdfdraftmode found.
Package: pdfescape 2011/11/25 v1.13 Implements pdfTeX's escape features (HO)
Package: bigintcalc 2012/04/08 v1.3 Expandable calculations on big integers (HO
)
Package: bitset 2011/01/30 v1.1 Handle bit-vector datatype (HO)
Package: uniquecounter 2011/01/30 v1.2 Provide unlimited unique counter (HO)
)
Package hobsub Info: Skipping package `hobsub' (already loaded).
Package: letltxmacro 2010/09/02 v1.4 Let assignment for LaTeX macros (HO)
Package: hopatch 2011/06/24 v1.1 Wrapper for package hooks (HO)
Package: xcolor-patch 2011/01/30 xcolor patch
Package: atveryend 2011/06/30 v1.8 Hooks at the very end of document (HO)
Package atveryend Info: \enddocument detected (standard20110627).
Package: atbegshi 2011/10/05 v1.16 At begin shipout hook (HO)
Package: refcount 2011/10/16 v3.4 Data extraction from label references (HO)
Package: hycolor 2011/01/30 v1.7 Color options for hyperref/bookmark (HO)
)
("C:\Program Files (x86)\MiKTeX 2.9\tex\generic\ifxetex\ifxetex.sty"
Package: ifxetex 2010/09/12 v0.6 Provides ifxetex conditional
)
("C:\Program Files (x86)\MiKTeX 2.9\tex\latex\oberdiek\auxhook.sty"
Package: auxhook 2011/03/04 v1.3 Hooks for auxiliary files (HO)
)
("C:\Program Files (x86)\MiKTeX 2.9\tex\latex\oberdiek\kvoptions.sty"
Package: kvoptions 2011/06/30 v3.11 Key value format for package options (HO)
)
\@linkdim=\dimen108
\Hy@linkcounter=\count96
\Hy@pagecounter=\count97

("C:\Program Files (x86)\MiKTeX 2.9\tex\latex\hyperref\pd1enc.def"
File: pd1enc.def 2012/11/06 v6.83m Hyperref: PDFDocEncoding definition (HO)
Now handling font encoding PD1 ...
... no UTF-8 mapping file for font encoding PD1
)
\Hy@SavedSpaceFactor=\count98

("C:\Program Files (x86)\MiKTeX 2.9\tex\latex\00miktex\hyperref.cfg"
File: hyperref.cfg 2002/06/06 v1.2 hyperref configuration of TeXLive
)
Package hyperref Info: Hyper figures OFF on input line 4443.
Package hyperref Info: Link nesting OFF on input line 4448.
Package hyperref Info: Hyper index ON on input line 4451.
Package hyperref Info: Plain pages OFF on input line 4458.
Package hyperref Info: Backreferencing OFF on input line 4463.
Package hyperref Info: Implicit mode ON; LaTeX internals redefined.
Package hyperref Info: Bookmarks ON on input line 4688.
\c@Hy@tempcnt=\count99

("C:\Program Files (x86)\MiKTeX 2.9\tex\latex\url\url.sty"
\Urlmuskip=\muskip10
Package: url 2013/09/16  ver 3.4  Verb mode for urls, etc.
)
LaTeX Info: Redefining \url on input line 5041.
\XeTeXLinkMargin=\dimen109
\Fld@menulength=\count100
\Field@Width=\dimen110
\Fld@charsize=\dimen111
Package hyperref Info: Hyper figures OFF on input line 6295.
Package hyperref Info: Link nesting OFF on input line 6300.
Package hyperref Info: Hyper index ON on input line 6303.
Package hyperref Info: backreferencing OFF on input line 6310.
Package hyperref Info: Link coloring OFF on input line 6315.
Package hyperref Info: Link coloring with OCG OFF on input line 6320.
Package hyperref Info: PDF/A mode OFF on input line 6325.
LaTeX Info: Redefining \ref on input line 6365.
LaTeX Info: Redefining \pageref on input line 6369.
\Hy@abspage=\count101
\c@Item=\count102
\c@Hfootnote=\count103
)

Package hyperref Message: Driver (autodetected): hpdftex.

("C:\Program Files (x86)\MiKTeX 2.9\tex\latex\hyperref\hpdftex.def"
File: hpdftex.def 2012/11/06 v6.83m Hyperref driver for pdfTeX
\Fld@listcount=\count104
\c@bookmark@seq@number=\count105

("C:\Program Files (x86)\MiKTeX 2.9\tex\latex\oberdiek\rerunfilecheck.sty"
Package: rerunfilecheck 2011/04/15 v1.7 Rerun checks for auxiliary files (HO)
Package uniquecounter Info: New unique counter `rerunfilecheck' on input line 2
82.
)
\Hy@SectionHShift=\skip49
)
("C:\Program Files (x86)\MiKTeX 2.9\tex\latex\geometry\geometry.sty"
Package: geometry 2010/09/12 v5.6 Page Geometry
\Gm@cnth=\count106
\Gm@cntv=\count107
\c@Gm@tempcnt=\count108
\Gm@bindingoffset=\dimen112
\Gm@wd@mp=\dimen113
\Gm@odd@mp=\dimen114
\Gm@even@mp=\dimen115
\Gm@layoutwidth=\dimen116
\Gm@layoutheight=\dimen117
\Gm@layouthoffset=\dimen118
\Gm@layoutvoffset=\dimen119
\Gm@dimlist=\toks18

("C:\Program Files (x86)\MiKTeX 2.9\tex\latex\geometry\geometry.cfg"))
("C:\Program Files (x86)\MiKTeX 2.9\tex\latex\multirow\multirow.sty"
\bigstrutjot=\dimen120
)
("C:\Program Files (x86)\MiKTeX 2.9\tex\latex\float\float.sty"
Package: float 2001/11/08 v1.3d Float enhancements (AL)
\c@float@type=\count109
\float@exts=\toks19
\float@box=\box26
\@float@everytoks=\toks20
\@floatcapt=\box27
)
("C:\Program Files (x86)\MiKTeX 2.9\tex\latex\eurofont\eurofont.sty"
Package: eurofont 1999/01/30 v1.1.3 A package for using euro symbols
\EF@tokb=\toks21

("C:\Program Files (x86)\MiKTeX 2.9\tex\latex\eurofont\eurofont.cfg"
File: eurofont.cfg 1998/11/03 v1.0 Default config file for the eurofont package

)
LaTeX Info: Redefining \euros on input line 193.

("C:\Program Files (x86)\MiKTeX 2.9\tex\latex\base\textcomp.sty"
Package: textcomp 2005/09/27 v1.99g Standard LaTeX package
Package textcomp Info: Sub-encoding information:
(textcomp)               5 = only ISO-Adobe without \textcurrency
(textcomp)               4 = 5 + \texteuro
(textcomp)               3 = 4 + \textohm
(textcomp)               2 = 3 + \textestimated + \textcurrency
(textcomp)               1 = TS1 - \textcircled - \t
(textcomp)               0 = TS1 (full)
(textcomp)             Font families with sub-encoding setting implement
(textcomp)             only a restricted character set as indicated.
(textcomp)             Family '?' is the default used for unknown fonts.
(textcomp)             See the documentation for details.
Package textcomp Info: Setting ? sub-encoding to TS1/1 on input line 71.

("C:\Program Files (x86)\MiKTeX 2.9\tex\latex\base\ts1enc.def"
File: ts1enc.def 2001/06/05 v3.0e (jk/car/fm) Standard LaTeX file
Now handling font encoding TS1 ...
... processing UTF-8 mapping file for font encoding TS1

("C:\Program Files (x86)\MiKTeX 2.9\tex\latex\base\ts1enc.dfu"
File: ts1enc.dfu 2008/04/05 v1.1m UTF-8 support for inputenc
   defining Unicode char U+00A2 (decimal 162)
   defining Unicode char U+00A3 (decimal 163)
   defining Unicode char U+00A4 (decimal 164)
   defining Unicode char U+00A5 (decimal 165)
   defining Unicode char U+00A6 (decimal 166)
   defining Unicode char U+00A7 (decimal 167)
   defining Unicode char U+00A8 (decimal 168)
   defining Unicode char U+00A9 (decimal 169)
   defining Unicode char U+00AA (decimal 170)
   defining Unicode char U+00AC (decimal 172)
   defining Unicode char U+00AE (decimal 174)
   defining Unicode char U+00AF (decimal 175)
   defining Unicode char U+00B0 (decimal 176)
   defining Unicode char U+00B1 (decimal 177)
   defining Unicode char U+00B2 (decimal 178)
   defining Unicode char U+00B3 (decimal 179)
   defining Unicode char U+00B4 (decimal 180)
   defining Unicode char U+00B5 (decimal 181)
   defining Unicode char U+00B6 (decimal 182)
   defining Unicode char U+00B7 (decimal 183)
   defining Unicode char U+00B9 (decimal 185)
   defining Unicode char U+00BA (decimal 186)
   defining Unicode char U+00BC (decimal 188)
   defining Unicode char U+00BD (decimal 189)
   defining Unicode char U+00BE (decimal 190)
   defining Unicode char U+00D7 (decimal 215)
   defining Unicode char U+00F7 (decimal 247)
   defining Unicode char U+0192 (decimal 402)
   defining Unicode char U+02C7 (decimal 711)
   defining Unicode char U+02D8 (decimal 728)
   defining Unicode char U+02DD (decimal 733)
   defining Unicode char U+0E3F (decimal 3647)
   defining Unicode char U+2016 (decimal 8214)
   defining Unicode char U+2020 (decimal 8224)
   defining Unicode char U+2021 (decimal 8225)
   defining Unicode char U+2022 (decimal 8226)
   defining Unicode char U+2030 (decimal 8240)
   defining Unicode char U+2031 (decimal 8241)
   defining Unicode char U+203B (decimal 8251)
   defining Unicode char U+203D (decimal 8253)
   defining Unicode char U+2044 (decimal 8260)
   defining Unicode char U+204E (decimal 8270)
   defining Unicode char U+2052 (decimal 8274)
   defining Unicode char U+20A1 (decimal 8353)
   defining Unicode char U+20A4 (decimal 8356)
   defining Unicode char U+20A6 (decimal 8358)
   defining Unicode char U+20A9 (decimal 8361)
   defining Unicode char U+20AB (decimal 8363)
   defining Unicode char U+20AC (decimal 8364)
   defining Unicode char U+20B1 (decimal 8369)
   defining Unicode char U+2103 (decimal 8451)
   defining Unicode char U+2116 (decimal 8470)
   defining Unicode char U+2117 (decimal 8471)
   defining Unicode char U+211E (decimal 8478)
   defining Unicode char U+2120 (decimal 8480)
   defining Unicode char U+2122 (decimal 8482)
   defining Unicode char U+2126 (decimal 8486)
   defining Unicode char U+2127 (decimal 8487)
   defining Unicode char U+212E (decimal 8494)
   defining Unicode char U+2190 (decimal 8592)
   defining Unicode char U+2191 (decimal 8593)
   defining Unicode char U+2192 (decimal 8594)
   defining Unicode char U+2193 (decimal 8595)
   defining Unicode char U+2329 (decimal 9001)
   defining Unicode char U+232A (decimal 9002)
   defining Unicode char U+2422 (decimal 9250)
   defining Unicode char U+25E6 (decimal 9702)
   defining Unicode char U+25EF (decimal 9711)
   defining Unicode char U+266A (decimal 9834)
))
LaTeX Info: Redefining \oldstylenums on input line 266.
Package textcomp Info: Setting cmr sub-encoding to TS1/0 on input line 281.
Package textcomp Info: Setting cmss sub-encoding to TS1/0 on input line 282.
Package textcomp Info: Setting cmtt sub-encoding to TS1/0 on input line 283.
Package textcomp Info: Setting cmvtt sub-encoding to TS1/0 on input line 284.
Package textcomp Info: Setting cmbr sub-encoding to TS1/0 on input line 285.
Package textcomp Info: Setting cmtl sub-encoding to TS1/0 on input line 286.
Package textcomp Info: Setting ccr sub-encoding to TS1/0 on input line 287.
Package textcomp Info: Setting ptm sub-encoding to TS1/4 on input line 288.
Package textcomp Info: Setting pcr sub-encoding to TS1/4 on input line 289.
Package textcomp Info: Setting phv sub-encoding to TS1/4 on input line 290.
Package textcomp Info: Setting ppl sub-encoding to TS1/3 on input line 291.
Package textcomp Info: Setting pag sub-encoding to TS1/4 on input line 292.
Package textcomp Info: Setting pbk sub-encoding to TS1/4 on input line 293.
Package textcomp Info: Setting pnc sub-encoding to TS1/4 on input line 294.
Package textcomp Info: Setting pzc sub-encoding to TS1/4 on input line 295.
Package textcomp Info: Setting bch sub-encoding to TS1/4 on input line 296.
Package textcomp Info: Setting put sub-encoding to TS1/5 on input line 297.
Package textcomp Info: Setting uag sub-encoding to TS1/5 on input line 298.
Package textcomp Info: Setting ugq sub-encoding to TS1/5 on input line 299.
Package textcomp Info: Setting ul8 sub-encoding to TS1/4 on input line 300.
Package textcomp Info: Setting ul9 sub-encoding to TS1/4 on input line 301.
Package textcomp Info: Setting augie sub-encoding to TS1/5 on input line 302.
Package textcomp Info: Setting dayrom sub-encoding to TS1/3 on input line 303.
Package textcomp Info: Setting dayroms sub-encoding to TS1/3 on input line 304.

Package textcomp Info: Setting pxr sub-encoding to TS1/0 on input line 305.
Package textcomp Info: Setting pxss sub-encoding to TS1/0 on input line 306.
Package textcomp Info: Setting pxtt sub-encoding to TS1/0 on input line 307.
Package textcomp Info: Setting txr sub-encoding to TS1/0 on input line 308.
Package textcomp Info: Setting txss sub-encoding to TS1/0 on input line 309.
Package textcomp Info: Setting txtt sub-encoding to TS1/0 on input line 310.
Package textcomp Info: Setting lmr sub-encoding to TS1/0 on input line 311.
Package textcomp Info: Setting lmdh sub-encoding to TS1/0 on input line 312.
Package textcomp Info: Setting lmss sub-encoding to TS1/0 on input line 313.
Package textcomp Info: Setting lmssq sub-encoding to TS1/0 on input line 314.
Package textcomp Info: Setting lmvtt sub-encoding to TS1/0 on input line 315.
Package textcomp Info: Setting qhv sub-encoding to TS1/0 on input line 316.
Package textcomp Info: Setting qag sub-encoding to TS1/0 on input line 317.
Package textcomp Info: Setting qbk sub-encoding to TS1/0 on input line 318.
Package textcomp Info: Setting qcr sub-encoding to TS1/0 on input line 319.
Package textcomp Info: Setting qcs sub-encoding to TS1/0 on input line 320.
Package textcomp Info: Setting qpl sub-encoding to TS1/0 on input line 321.
Package textcomp Info: Setting qtm sub-encoding to TS1/0 on input line 322.
Package textcomp Info: Setting qzc sub-encoding to TS1/0 on input line 323.
Package textcomp Info: Setting qhvc sub-encoding to TS1/0 on input line 324.
Package textcomp Info: Setting futs sub-encoding to TS1/4 on input line 325.
Package textcomp Info: Setting futx sub-encoding to TS1/4 on input line 326.
Package textcomp Info: Setting futj sub-encoding to TS1/4 on input line 327.
Package textcomp Info: Setting hlh sub-encoding to TS1/3 on input line 328.
Package textcomp Info: Setting hls sub-encoding to TS1/3 on input line 329.
Package textcomp Info: Setting hlst sub-encoding to TS1/3 on input line 330.
Package textcomp Info: Setting hlct sub-encoding to TS1/5 on input line 331.
Package textcomp Info: Setting hlx sub-encoding to TS1/5 on input line 332.
Package textcomp Info: Setting hlce sub-encoding to TS1/5 on input line 333.
Package textcomp Info: Setting hlcn sub-encoding to TS1/5 on input line 334.
Package textcomp Info: Setting hlcw sub-encoding to TS1/5 on input line 335.
Package textcomp Info: Setting hlcf sub-encoding to TS1/5 on input line 336.
Package textcomp Info: Setting pplx sub-encoding to TS1/3 on input line 337.
Package textcomp Info: Setting pplj sub-encoding to TS1/3 on input line 338.
Package textcomp Info: Setting ptmx sub-encoding to TS1/4 on input line 339.
Package textcomp Info: Setting ptmj sub-encoding to TS1/4 on input line 340.
)
("C:\Program Files (x86)\MiKTeX 2.9\tex\latex\eurosym\eurosym.sty"
Package: eurosym 1998/08/06 v1.1 European currency symbol ``Euro''
\@eurobox=\box28
)
\EF@pmbshift=\skip50
)
("C:\Program Files (x86)\MiKTeX 2.9\tex\latex\listings\listings.sty"
\lst@mode=\count110
\lst@gtempboxa=\box29
\lst@token=\toks22
\lst@length=\count111
\lst@currlwidth=\dimen121
\lst@column=\count112
\lst@pos=\count113
\lst@lostspace=\dimen122
\lst@width=\dimen123
\lst@newlines=\count114
\lst@lineno=\count115
\lst@maxwidth=\dimen124

("C:\Program Files (x86)\MiKTeX 2.9\tex\latex\listings\lstmisc.sty"
File: lstmisc.sty 2014/03/04 1.5c (Carsten Heinz)
\c@lstnumber=\count116
\lst@skipnumbers=\count117
\lst@framebox=\box30
)
("C:\Program Files (x86)\MiKTeX 2.9\tex\latex\listings\listings.cfg"
File: listings.cfg 2014/03/04 1.5c listings configuration
))
Package: listings 2014/03/04 1.5c (Carsten Heinz)

(C:\Users\Adrián\Desktop\tfg\stac\documentacion\memoria\memoria.aux
(C:\Users\Adrián\Desktop\tfg\stac\documentacion\memoria\capitulos/titulo.aux)
(C:\Users\Adrián\Desktop\tfg\stac\documentacion\memoria\capitulos/agradecimien
tos.aux)
(C:\Users\Adrián\Desktop\tfg\stac\documentacion\memoria\capitulos/introduccion
.aux)
(C:\Users\Adrián\Desktop\tfg\stac\documentacion\memoria\capitulos/contrasteh.a
ux)
(C:\Users\Adrián\Desktop\tfg\stac\documentacion\memoria\capitulos/analisisreq.
aux)
(C:\Users\Adrián\Desktop\tfg\stac\documentacion\memoria\capitulos/gestionproy.
aux)
(C:\Users\Adrián\Desktop\tfg\stac\documentacion\memoria\capitulos/arquitectura
h.aux)
(C:\Users\Adrián\Desktop\tfg\stac\documentacion\memoria\capitulos/disenhoimpl.
aux)
(C:\Users\Adrián\Desktop\tfg\stac\documentacion\memoria\capitulos/bibliografia
.aux))
LaTeX Font Info:    Checking defaults for OML/cmm/m/it on input line 15.
LaTeX Font Info:    ... okay on input line 15.
LaTeX Font Info:    Checking defaults for T1/cmr/m/n on input line 15.
LaTeX Font Info:    ... okay on input line 15.
LaTeX Font Info:    Checking defaults for OT1/cmr/m/n on input line 15.
LaTeX Font Info:    ... okay on input line 15.
LaTeX Font Info:    Checking defaults for OMS/cmsy/m/n on input line 15.
LaTeX Font Info:    ... okay on input line 15.
LaTeX Font Info:    Checking defaults for OMX/cmex/m/n on input line 15.
LaTeX Font Info:    ... okay on input line 15.
LaTeX Font Info:    Checking defaults for U/cmr/m/n on input line 15.
LaTeX Font Info:    ... okay on input line 15.
LaTeX Font Info:    Checking defaults for PD1/pdf/m/n on input line 15.
LaTeX Font Info:    ... okay on input line 15.
LaTeX Font Info:    Checking defaults for TS1/cmr/m/n on input line 15.
LaTeX Font Info:    Try loading font information for TS1+cmr on input line 15.
 ("C:\Program Files (x86)\MiKTeX 2.9\tex\latex\base\ts1cmr.fd"
File: ts1cmr.fd 1999/05/25 v2.5h Standard LaTeX font definitions
)
LaTeX Font Info:    ... okay on input line 15.

("C:\Program Files (x86)\MiKTeX 2.9\tex\context\base\supp-pdf.mkii"
[Loading MPS to PDF converter (version 2006.09.02).]
\scratchcounter=\count118
\scratchdimen=\dimen125
\scratchbox=\box31
\nofMPsegments=\count119
\nofMParguments=\count120
\everyMPshowfont=\toks23
\MPscratchCnt=\count121
\MPscratchDim=\dimen126
\MPnumerator=\count122
\makeMPintoPDFobject=\count123
\everyMPtoPDFconversion=\toks24
)
\AtBeginShipoutBox=\box32
Package hyperref Info: Link coloring OFF on input line 15.
 ("C:\Program Files (x86)\MiKTeX 2.9\tex\latex\hyperref\nameref.sty"
Package: nameref 2012/10/27 v2.43 Cross-referencing by name of section

("C:\Program Files (x86)\MiKTeX 2.9\tex\generic\oberdiek\gettitlestring.sty"
Package: gettitlestring 2010/12/03 v1.4 Cleanup title references (HO)
)
\c@section@level=\count124
)
LaTeX Info: Redefining \ref on input line 15.
LaTeX Info: Redefining \pageref on input line 15.
LaTeX Info: Redefining \nameref on input line 15.

(C:\Users\Adrián\Desktop\tfg\stac\documentacion\memoria\memoria.out)
(C:\Users\Adrián\Desktop\tfg\stac\documentacion\memoria\memoria.out)
\@outlinefile=\write3

*geometry* driver: auto-detecting
*geometry* detected driver: pdftex
*geometry* verbose mode - [ preamble ] result:
* driver: pdftex
* paper: a4paper
* layout: <same size as paper>
* layoutoffset:(h,v)=(0.0pt,0.0pt)
* hratio: 1:1
* modes: twoside 
* h-part:(L,W,R)=(89.62709pt, 418.25368pt, 89.6271pt)
* v-part:(T,H,B)=(101.40665pt, 591.5302pt, 152.11pt)
* \paperwidth=597.50787pt
* \paperheight=845.04684pt
* \textwidth=418.25368pt
* \textheight=591.5302pt
* \oddsidemargin=17.3571pt
* \evensidemargin=17.35712pt
* \topmargin=-0.93083pt
* \headheight=12.0pt
* \headsep=18.06749pt
* \topskip=10.0pt
* \footskip=25.29494pt
* \marginparwidth=115.0pt
* \marginparsep=7.0pt
* \columnsep=10.0pt
* \skip\footins=9.0pt plus 4.0pt minus 2.0pt
* \hoffset=0.0pt
* \voffset=0.0pt
* \mag=1000
* \@twocolumnfalse
* \@twosidetrue
* \@mparswitchtrue
* \@reversemarginfalse
* (1in=72.27pt=25.4mm, 1cm=28.453pt)

\c@lstlisting=\count125
(C:\Users\Adrián\Desktop\tfg\stac\documentacion\memoria\capitulos/titulo.tex
<figuras/logo_usc.jpg, id=215, 589.20125pt x 382.42876pt>
File: figuras/logo_usc.jpg Graphic file (type jpg)

<use figuras/logo_usc.jpg>
Package pdftex.def Info: figuras/logo_usc.jpg used on input line 10.
(pdftex.def)             Requested size: 142.26378pt x 92.33913pt.
) [1


{C:/ProgramData/MiKTeX/2.9/pdftex/config/pdftex.map} <C:/Users/Adrián/Desktop/
tfg/stac/documentacion/memoria/figuras/logo_usc.jpg>] [2


]
(C:\Users\Adrián\Desktop\tfg\stac\documentacion\memoria\capitulos/agradecimien
tos.tex) [3


] [4


]
(C:\Users\Adrián\Desktop\tfg\stac\documentacion\memoria\memoria.toc
LaTeX Font Info:    External font `cmex10' loaded for size
(Font)              <7> on input line 3.
LaTeX Font Info:    External font `cmex10' loaded for size
(Font)              <5> on input line 3.
 [1

])
\tf@toc=\write4

[2] (C:\Users\Adrián\Desktop\tfg\stac\documentacion\memoria\memoria.lof)
\tf@lof=\write5

[3

] [4

]
(C:\Users\Adrián\Desktop\tfg\stac\documentacion\memoria\capitulos/introduccion
.tex
Cap\'{\i }tulo 1.

Underfull \vbox (badness 10000) has occurred while \output is active []

pdfTeX warning (ext4): destination with the same identifier (name{page.1}) has 
been already used, duplicate ignored
<to be read again> 
                   \relax 
l.39 
      [1


])pdfTeX warning (ext4): destination with the same identifier (name{page.2}) ha
s been already used, duplicate ignored
<to be read again> 
                   \relax 
l.34 \include{capitulos/introduccion}
                                      [2]pdfTeX warning (ext4): destination wit
h the same identifier (name{page.3}) has been already used, duplicate ignored
<to be read again> 
                   \relax 
l.34 \include{capitulos/introduccion}
                                      [3]pdfTeX warning (ext4): destination wit
h the same identifier (name{page.4}) has been already used, duplicate ignored
<to be read again> 
                   \relax 
l.35 \cleardoublepage
                      [4


]
(C:\Users\Adrián\Desktop\tfg\stac\documentacion\memoria\capitulos/contrasteh.t
ex
Cap\'{\i }tulo 2.

Underfull \hbox (badness 10000) in paragraph at lines 11--16

 []


Underfull \hbox (badness 10000) in paragraph at lines 11--16

 []


Underfull \vbox (badness 10000) has occurred while \output is active []

 [5


]
[6] <figuras/pdf_normal.png, id=394, 803.0pt x 602.25pt>
File: figuras/pdf_normal.png Graphic file (type png)

<use figuras/pdf_normal.png>
Package pdftex.def Info: figuras/pdf_normal.png used on input line 112.
(pdftex.def)             Requested size: 142.25475pt x 85.35284pt.
LaTeX Font Info:    External font `cmex10' loaded for size
(Font)              <8> on input line 112.
LaTeX Font Info:    External font `cmex10' loaded for size
(Font)              <6> on input line 112.

<figuras/pdf_chi_cuadrado.png, id=395, 338.76563pt x 253.69781pt>
File: figuras/pdf_chi_cuadrado.png Graphic file (type png)

<use figuras/pdf_chi_cuadrado.png>
Package pdftex.def Info: figuras/pdf_chi_cuadrado.png used on input line 115.
(pdftex.def)             Requested size: 142.26508pt x 85.35802pt.

<figuras/pdf_f.png, id=397, 192.72pt x 144.54pt>
File: figuras/pdf_f.png Graphic file (type png)
 <use figuras/pdf_f.png>
Package pdftex.def Info: figuras/pdf_f.png used on input line 121.
(pdftex.def)             Requested size: 142.26355pt x 85.35724pt.

<figuras/pdf_t_student.jpg, id=398, 451.6875pt x 278.03876pt>
File: figuras/pdf_t_student.jpg Graphic file (type jpg)

<use figuras/pdf_t_student.jpg>
Package pdftex.def Info: figuras/pdf_t_student.jpg used on input line 124.
(pdftex.def)             Requested size: 142.26163pt x 85.35957pt.


LaTeX Warning: `h' float specifier changed to `ht'.


LaTeX Warning: `h' float specifier changed to `ht'.

[7]
Underfull \vbox (badness 1097) has occurred while \output is active []

 [8pdfTeX warning (ext4): destination with the same identifier (name{figure.2.1
}) has been already used, duplicate ignored

\AtBegShi@Output ...ipout \box \AtBeginShipoutBox 
                                                  \fi \fi 
l.164 
       <C:/Users/Adrián/Desktop/tfg/stac/documentacion/memoria/figuras/pdf_nor
mal.png> <C:/Users/Adrián/Desktop/tfg/stac/documentacion/memoria/figuras/pdf_c
hi_cuadrado.png> <C:/Users/Adrián/Desktop/tfg/stac/documentacion/memoria/figur
as/pdf_f.png> <C:/Users/Adrián/Desktop/tfg/stac/documentacion/memoria/figuras/
pdf_t_student.jpg>] <figuras/tipos_error.png, id=421, 301.125pt x 85.06781pt>
File: figuras/tipos_error.png Graphic file (type png)

<use figuras/tipos_error.png>
Package pdftex.def Info: figuras/tipos_error.png used on input line 178.
(pdftex.def)             Requested size: 199.17502pt x 56.90556pt.
 [9pdfTeX warning (ext4): destination with the same identifier (name{figure.2.2
}) has been already used, duplicate ignored

\AtBegShi@Output ...ipout \box \AtBeginShipoutBox 
                                                  \fi \fi 
l.207 
       <C:/Users/Adrián/Desktop/tfg/stac/documentacion/memoria/figuras/tipos_e
rror.png>]
Underfull \hbox (badness 10000) in paragraph at lines 223--227

 []


Underfull \hbox (badness 10000) in paragraph at lines 223--227

 []

<figuras/test_unilateral_izq.png, id=429, 555.07375pt x 554.07pt>
File: figuras/test_unilateral_izq.png Graphic file (type png)

<use figuras/test_unilateral_izq.png>
Package pdftex.def Info: figuras/test_unilateral_izq.png used on input line 253
.
(pdftex.def)             Requested size: 142.26608pt x 85.35579pt.

<figuras/test_unilateral_der.png, id=430, 555.07375pt x 554.07pt>
File: figuras/test_unilateral_der.png Graphic file (type png)

<use figuras/test_unilateral_der.png>
Package pdftex.def Info: figuras/test_unilateral_der.png used on input line 255
.
(pdftex.def)             Requested size: 142.26608pt x 85.35579pt.

<figuras/test_bilateral.png, id=431, 555.07375pt x 554.07pt>
File: figuras/test_bilateral.png Graphic file (type png)

<use figuras/test_bilateral.png>
Package pdftex.def Info: figuras/test_bilateral.png used on input line 260.
(pdftex.def)             Requested size: 142.26608pt x 85.35579pt.
 [10]
<figuras/critico.png, id=436, 416.30531pt x 415.5525pt>
File: figuras/critico.png Graphic file (type png)

<use figuras/critico.png>
Package pdftex.def Info: figuras/critico.png used on input line 278.
(pdftex.def)             Requested size: 142.26608pt x 85.35367pt.
 [11pdfTeX warning (ext4): destination with the same identifier (name{figure.2.
3}) has been already used, duplicate ignored

\AtBegShi@Output ...ipout \box \AtBeginShipoutBox 
                                                  \fi \fi 
l.286 L
       a decisión de rechazar o aceptar la hipótesis nula, se puede determ...
pdfTeX warning (ext4): destination with the same identifier (name{figure.2.4}) 
has been already used, duplicate ignored

\AtBegShi@Output ...ipout \box \AtBeginShipoutBox 
                                                  \fi \fi 
l.286 L
       a decisión de rechazar o aceptar la hipótesis nula, se puede determ...
 <C:/Users/Adrián/Desktop/tfg/stac/documentacion/memoria/figuras/test_unilater
al_izq.png> <C:/Users/Adrián/Desktop/tfg/stac/documentacion/memoria/figuras/te
st_unilateral_der.png> <C:/Users/Adrián/Desktop/tfg/stac/documentacion/memoria
/figuras/test_bilateral.png> <C:/Users/Adrián/Desktop/tfg/stac/documentacion/m
emoria/figuras/critico.png>]
File: figuras/pdf_chi_cuadrado.png Graphic file (type png)
 <use figuras/pdf_chi_cuadrado.png>
Package pdftex.def Info: figuras/pdf_chi_cuadrado.png used on input line 310.
(pdftex.def)             Requested size: 142.26508pt x 85.35802pt.

<figuras/cdf_chi_cuadrado.png, id=455, 803.0pt x 602.25pt>
File: figuras/cdf_chi_cuadrado.png Graphic file (type png)

<use figuras/cdf_chi_cuadrado.png>
Package pdftex.def Info: figuras/cdf_chi_cuadrado.png used on input line 312.
(pdftex.def)             Requested size: 142.25475pt x 85.35284pt.
 [12pdfTeX warning (ext4): destination with the same identifier (name{figure.2.
5}) has been already used, duplicate ignored

\AtBegShi@Output ...ipout \box \AtBeginShipoutBox 
                                                  \fi \fi 
l.332 
       <C:/Users/Adrián/Desktop/tfg/stac/documentacion/memoria/figuras/cdf_chi
_cuadrado.png>] [13]
<figuras/normalidad.jpg, id=481, 504.38437pt x 221.32687pt>
File: figuras/normalidad.jpg Graphic file (type jpg)

<use figuras/normalidad.jpg>
Package pdftex.def Info: figuras/normalidad.jpg used on input line 391.
(pdftex.def)             Requested size: 256.07817pt x 85.358pt.
 [14pdfTeX warning (ext4): destination with the same identifier (name{figure.2.
6}) has been already used, duplicate ignored

\AtBegShi@Output ...ipout \box \AtBeginShipoutBox 
                                                  \fi \fi 
l.411 \item \textbf
                   {Kolmogorov–Smirnov:} realiza una prueba de bondad de a...
 <C:/Users/Adrián/Desktop/tfg/stac/documentacion/memoria/figuras/normalidad.jp
g>] <figuras/homocedasticidad.png, id=490, 526.96875pt x 292.84406pt>
File: figuras/homocedasticidad.png Graphic file (type png)

<use figuras/homocedasticidad.png>
Package pdftex.def Info: figuras/homocedasticidad.png used on input line 429.
(pdftex.def)             Requested size: 170.71602pt x 85.35603pt.
 [15pdfTeX warning (ext4): destination with the same identifier (name{figure.2.
7}) has been already used, duplicate ignored

\AtBegShi@Output ...ipout \box \AtBeginShipoutBox 
                                                  \fi \fi 
l.454 \item H
             ipótesis alternativa $H_1$: $\exists \quad \mu_j \neq \mu \qua...
 <C:/Users/Adrián/Desktop/tfg/stac/documentacion/memoria/figuras/homocedastici
dad.png>] [16] [17] [18] [19] [20] [21] [22] [23]) [24]
(C:\Users\Adrián\Desktop\tfg\stac\documentacion\memoria\capitulos/analisisreq.
tex
Cap\'{\i }tulo 3.
[25




] [26]
Overfull \hbox (227.62204pt too wide) in paragraph at lines 73--73
[][]| 
 []


Overfull \hbox (4.08488pt too wide) in paragraph at lines 67--78
[][] 
 []


Overfull \hbox (227.62204pt too wide) in paragraph at lines 89--89
[][]| 
 []


Overfull \hbox (4.08488pt too wide) in paragraph at lines 83--93
[][] 
 []


Overfull \hbox (4.08488pt too wide) in paragraph at lines 98--107
[][] 
 []


Underfull \vbox (badness 10000) has occurred while \output is active []

 [27]
Overfull \hbox (227.62204pt too wide) in paragraph at lines 118--118
[][]| 
 []


Overfull \hbox (4.08488pt too wide) in paragraph at lines 112--122
[][] 
 []


Overfull \hbox (4.08488pt too wide) in paragraph at lines 128--137
[][] 
 []


Overfull \hbox (227.62204pt too wide) in paragraph at lines 148--148
[][]| 
 []


Overfull \hbox (4.08488pt too wide) in paragraph at lines 142--152
[][] 
 []


Overfull \hbox (227.62204pt too wide) in paragraph at lines 169--169
[][]| 
 []


Overfull \hbox (4.08488pt too wide) in paragraph at lines 163--174
[][] 
 []


Underfull \vbox (badness 3000) has occurred while \output is active []

 [28]
Overfull \hbox (227.62204pt too wide) in paragraph at lines 185--185
[][]| 
 []


Overfull \hbox (4.08488pt too wide) in paragraph at lines 179--191
[][] 
 []

[29]
Overfull \hbox (227.62204pt too wide) in paragraph at lines 205--205
[][]| 
 []


Overfull \hbox (4.08488pt too wide) in paragraph at lines 199--211
[][] 
 []


Overfull \hbox (227.62204pt too wide) in paragraph at lines 222--222
[][]| 
 []


Overfull \hbox (4.08488pt too wide) in paragraph at lines 216--227
[][] 
 []


Overfull \hbox (227.62204pt too wide) in paragraph at lines 238--238
[][]| 
 []


Overfull \hbox (4.08488pt too wide) in paragraph at lines 232--243
[][] 
 []


Overfull \hbox (227.62204pt too wide) in paragraph at lines 254--254
[][]| 
 []


Overfull \hbox (4.08488pt too wide) in paragraph at lines 248--259
[][] 
 []


Underfull \vbox (badness 10000) has occurred while \output is active []

 [30

]
Overfull \hbox (227.62204pt too wide) in paragraph at lines 270--270
[][]| 
 []


Overfull \hbox (4.08488pt too wide) in paragraph at lines 264--275
[][] 
 []


Overfull \hbox (227.62204pt too wide) in paragraph at lines 286--286
[][]| 
 []


Overfull \hbox (4.08488pt too wide) in paragraph at lines 280--291
[][] 
 []


Overfull \hbox (227.62204pt too wide) in paragraph at lines 302--302
[][]| 
 []


Overfull \hbox (4.08488pt too wide) in paragraph at lines 296--307
[][] 
 []

[31]
Overfull \hbox (227.62204pt too wide) in paragraph at lines 318--318
[][]| 
 []


Overfull \hbox (4.08488pt too wide) in paragraph at lines 312--323
[][] 
 []


Overfull \hbox (227.62204pt too wide) in paragraph at lines 334--334
[][]| 
 []


Overfull \hbox (4.08488pt too wide) in paragraph at lines 328--339
[][] 
 []


Underfull \vbox (badness 10000) has occurred while \output is active []

 [32]
Overfull \hbox (227.62204pt too wide) in paragraph at lines 350--350
[][]| 
 []


Overfull \hbox (4.08488pt too wide) in paragraph at lines 344--355
[][] 
 []


Overfull \hbox (227.62204pt too wide) in paragraph at lines 366--366
[][]| 
 []


Overfull \hbox (4.08488pt too wide) in paragraph at lines 360--371
[][] 
 []

[33]
Overfull \hbox (227.62204pt too wide) in paragraph at lines 385--385
[][]| 
 []


Overfull \hbox (4.08488pt too wide) in paragraph at lines 379--389
[][] 
 []


Overfull \hbox (227.62204pt too wide) in paragraph at lines 401--401
[][]| 
 []


Overfull \hbox (4.08488pt too wide) in paragraph at lines 394--405
[][] 
 []

[34

]
Overfull \hbox (227.62204pt too wide) in paragraph at lines 419--419
[][]| 
 []


Overfull \hbox (4.08488pt too wide) in paragraph at lines 413--423
[][] 
 []


Overfull \hbox (227.62204pt too wide) in paragraph at lines 434--434
[][]| 
 []


Overfull \hbox (4.08488pt too wide) in paragraph at lines 428--438
[][] 
 []


Overfull \hbox (227.62204pt too wide) in paragraph at lines 451--451
[][]| 
 []


Overfull \hbox (4.08488pt too wide) in paragraph at lines 445--455
[][] 
 []


Overfull \hbox (227.62204pt too wide) in paragraph at lines 466--466
[][]| 
 []


Overfull \hbox (4.08488pt too wide) in paragraph at lines 460--470
[][] 
 []


Underfull \vbox (badness 10000) has occurred while \output is active []

 [35]
Overfull \hbox (227.62204pt too wide) in paragraph at lines 481--481
[][]| 
 []


Overfull \hbox (4.08488pt too wide) in paragraph at lines 475--485
[][] 
 []


Overfull \hbox (4.08488pt too wide) in paragraph at lines 492--501
[][] 
 []


Overfull \hbox (4.08488pt too wide) in paragraph at lines 506--515
[][] 
 []

[36]
Overfull \hbox (227.62204pt too wide) in paragraph at lines 529--529
[][]| 
 []


Overfull \hbox (4.08488pt too wide) in paragraph at lines 523--533
[][] 
 []


Overfull \hbox (4.08488pt too wide) in paragraph at lines 538--547
[][] 
 []


Overfull \hbox (227.62204pt too wide) in paragraph at lines 558--558
[][]| 
 []


Overfull \hbox (4.08488pt too wide) in paragraph at lines 552--562
[][] 
 []


Overfull \hbox (4.08488pt too wide) in paragraph at lines 567--576
[][] 
 []


Overfull \hbox (4.08488pt too wide) in paragraph at lines 581--590
[][] 
 []

[37

]
Overfull \hbox (4.08488pt too wide) in paragraph at lines 595--604
[][] 
 []


Overfull \hbox (4.08488pt too wide) in paragraph at lines 609--618
[][] 
 []


Overfull \hbox (4.08488pt too wide) in paragraph at lines 623--632
[][] 
 []


Overfull \hbox (227.62204pt too wide) in paragraph at lines 643--643
[][]| 
 []


Overfull \hbox (4.08488pt too wide) in paragraph at lines 637--647
[][] 
 []


Underfull \vbox (badness 10000) has occurred while \output is active []

 [38])
[39] [40


]
(C:\Users\Adrián\Desktop\tfg\stac\documentacion\memoria\capitulos/gestionproy.
tex
Cap\'{\i }tulo 4.
[41


]
Overfull \hbox (4.0849pt too wide) in paragraph at lines 29--38
[][] 
 []


Overfull \hbox (4.0849pt too wide) in paragraph at lines 45--53
[][] 
 []


Overfull \hbox (4.0849pt too wide) in paragraph at lines 57--66
[][] 
 []


Underfull \vbox (badness 10000) has occurred while \output is active []

 [42]
Overfull \hbox (4.0849pt too wide) in paragraph at lines 70--79
[][] 
 []


Overfull \hbox (4.0849pt too wide) in paragraph at lines 83--92
[][] 
 []

[43] <figuras/ciclos_desarrollo.png, id=650, 560.0925pt x 292.09125pt>
File: figuras/ciclos_desarrollo.png Graphic file (type png)

<use figuras/ciclos_desarrollo.png>
Package pdftex.def Info: figuras/ciclos_desarrollo.png used on input line 124.
(pdftex.def)             Requested size: 341.44226pt x 170.72337pt.
 [44] [45pdfTeX warning (ext4): destination with the same identifier (name{figu
re.4.1}) has been already used, duplicate ignored

\AtBegShi@Output ...ipout \box \AtBeginShipoutBox 
                                                  \fi \fi 
l.141 
       <C:/Users/Adrián/Desktop/tfg/stac/documentacion/memoria/figuras/ciclos_
desarrollo.png>] [46] <figuras/burndown.png, id=665, 642.4pt x 325.215pt>
File: figuras/burndown.png Graphic file (type png)

<use figuras/burndown.png>
Package pdftex.def Info: figuras/burndown.png used on input line 168.
(pdftex.def)             Requested size: 341.4408pt x 170.72058pt.
 [47pdfTeX warning (ext4): destination with the same identifier (name{figure.4.
2}) has been already used, duplicate ignored

\AtBegShi@Output ...ipout \box \AtBeginShipoutBox 
                                                  \fi \fi 
l.187 \section
              {Gestión de la configuración} <C:/Users/Adrián/Desktop/tfg/sta
c/documentacion/memoria/figuras/burndown.png>] [48]
<figuras/edt.png, id=683, 1270.7475pt x 426.59375pt>
File: figuras/edt.png Graphic file (type png)
 <use figuras/edt.png>
Package pdftex.def Info: figuras/edt.png used on input line 223.
(pdftex.def)             Requested size: 398.3292pt x 199.17119pt.

[49pdfTeX warning (ext4): destination with the same identifier (name{figure.4.3
}) has been already used, duplicate ignored

\AtBegShi@Output ...ipout \box \AtBeginShipoutBox 
                                                  \fi \fi 
l.234 
       <C:/Users/Adrián/Desktop/tfg/stac/documentacion/memoria/figuras/edt.png
>] [50] <figuras/gantt.png, id=695, 825.83531pt x 396.7322pt>
File: figuras/gantt.png Graphic file (type png)

<use figuras/gantt.png>
Package pdftex.def Info: figuras/gantt.png used on input line 322.
(pdftex.def)             Requested size: 369.88348pt x 170.71864pt.
 [51pdfTeX warning (ext4): destination with the same identifier (name{figure.4.
4}) has been already used, duplicate ignored

\AtBegShi@Output ...ipout \box \AtBeginShipoutBox 
                                                  \fi \fi 
l.328 
       <C:/Users/Adrián/Desktop/tfg/stac/documentacion/memoria/figuras/gantt.p
ng>]) [52]
(C:\Users\Adrián\Desktop\tfg\stac\documentacion\memoria\capitulos/arquitectura
h.tex
Cap\'{\i }tulo 5.
<figuras/arquitectura.png, id=706, 720.6925pt x 79.29625pt>
File: figuras/arquitectura.png Graphic file (type png)

<use figuras/arquitectura.png>
Package pdftex.def Info: figuras/arquitectura.png used on input line 11.
(pdftex.def)             Requested size: 426.79134pt x 46.9586pt.

Overfull \hbox (8.53766pt too wide) in paragraph at lines 11--12
 [][] 
 []


Underfull \vbox (badness 2334) has occurred while \output is active []

 [53




pdfTeX warning (ext4): destination with the same identifier (name{figure.5.1}) 
has been already used, duplicate ignored

\AtBegShi@Output ...ipout \box \AtBeginShipoutBox 
                                                  \fi \fi 
l.17 
      <C:/Users/Adrián/Desktop/tfg/stac/documentacion/memoria/figuras/arquitec
tura.png>] <figuras/mvc.png, id=713, 493.845pt x 365.365pt>
File: figuras/mvc.png Graphic file (type png)

<use figuras/mvc.png>
Package pdftex.def Info: figuras/mvc.png used on input line 26.
(pdftex.def)             Requested size: 256.0748pt x 189.45012pt.
 [54pdfTeX warning (ext4): destination with the same identifier (name{figure.5.
2}) has been already used, duplicate ignored

\AtBegShi@Output ...ipout \box \AtBeginShipoutBox 
                                                  \fi \fi 
l.34 \item E
            l modelo es el responsable de realizar una gran parte de las fun...
 <C:/Users/Adrián/Desktop/tfg/stac/documentacion/memoria/figuras/mvc.png>]
[55] <figuras/singleton.png, id=726, 315.42844pt x 164.86594pt>
File: figuras/singleton.png Graphic file (type png)

<use figuras/singleton.png>
Package pdftex.def Info: figuras/singleton.png used on input line 80.
(pdftex.def)             Requested size: 170.71867pt x 85.36096pt.
 [56pdfTeX warning (ext4): destination with the same identifier (name{figure.5.
3}) has been already used, duplicate ignored

\AtBegShi@Output ...ipout \box \AtBeginShipoutBox 
                                                  \fi \fi 
l.91 \begin{itemize}
                     <C:/Users/Adrián/Desktop/tfg/stac/documentacion/memoria/f
iguras/singleton.png>]
Underfull \vbox (badness 7379) has occurred while \output is active []

 [57]
[58] <figuras/rest.png, id=752, 628.3475pt x 334.24875pt>
File: figuras/rest.png Graphic file (type png)

<use figuras/rest.png>
Package pdftex.def Info: figuras/rest.png used on input line 132.
(pdftex.def)             Requested size: 341.43109pt x 170.7196pt.
 [59pdfTeX warning (ext4): destination with the same identifier (name{figure.5.
4}) has been already used, duplicate ignored

\AtBegShi@Output ...ipout \box \AtBeginShipoutBox 
                                                  \fi \fi 
l.144 \item \textbf
                   {Utilidades:} la facilidad de acceso a datos de formulari...
 <C:/Users/Adrián/Desktop/tfg/stac/documentacion/memoria/figuras/rest.png>]
("C:\Program Files (x86)\MiKTeX 2.9\tex\latex\listings\lstlang1.sty"
File: lstlang1.sty 2014/03/04 1.5c listings language file
)
LaTeX Font Info:    Try loading font information for OML+cmr on input line 150.


("C:\Program Files (x86)\MiKTeX 2.9\tex\latex\base\omlcmr.fd"
File: omlcmr.fd 1999/05/25 v2.5h Standard LaTeX font definitions
)
LaTeX Font Info:    Font shape `OML/cmr/m/n' in size <10> not available
(Font)              Font shape `OML/cmm/m/it' tried instead on input line 150.

<figuras/bootstrap.png, id=764, 105.39375pt x 141.52875pt>
File: figuras/bootstrap.png Graphic file (type png)

<use figuras/bootstrap.png>
Package pdftex.def Info: figuras/bootstrap.png used on input line 168.
(pdftex.def)             Requested size: 105.39348pt x 141.5284pt.
 [60]
Underfull \vbox (badness 2310) has occurred while \output is active []

 [61pdfTeX warning (ext4): destination with the same identifier (name{figure.5.
5}) has been already used, duplicate ignored

\AtBegShi@Output ...ipout \box \AtBeginShipoutBox 
                                                  \fi \fi 
l.187 \item \textbf
                   {Sphinx 1.2.2:} Sphinx se trata de una herramienta de có...
 <C:/Users/Adrián/Desktop/tfg/stac/documentacion/memoria/figuras/bootstrap.png
>] [62]) [63] [64


]
(C:\Users\Adrián\Desktop\tfg\stac\documentacion\memoria\capitulos/disenhoimpl.
tex
Cap\'{\i }tulo 6.
[65


]
Overfull \hbox (4.1427pt too wide) in paragraph at lines 46--47
[]\OT1/cmtt/m/n/10 bonferroni[]test(nombres[]algoritmos, medias[]algoritmos, cu
adrado[]medio[]error, N,
 []

[66]
Overfull \hbox (30.39247pt too wide) in paragraph at lines 79--80
[]\OT1/cmtt/m/n/10 friedman[]rangos[]alineados[]test(nombres[]algoritmos, matri
z[]datos, alpha=0.05, tipo=0) 
 []

[67]
Overfull \hbox (19.89256pt too wide) in paragraph at lines 106--107
[]\OT1/cmtt/m/n/10 bonferroni[]dunn[]test(K, nombres, valores[]z, p[]valores, m
etodo[]control, alpha=0.05) 
 []

[68] [69]
Overfull \hbox (6.89551pt too wide) in paragraph at lines 227--239
 [][] 
 []

[70pdfTeX warning (ext4): destination with the same identifier (name{table.6.1}
) has been already used, duplicate ignored

\AtBegShi@Output ...ipout \box \AtBeginShipoutBox 
                                                  \fi \fi 
l.242 
      pdfTeX warning (ext4): destination with the same identifier (name{table.6
.2}) has been already used, duplicate ignored

\AtBegShi@Output ...ipout \box \AtBeginShipoutBox 
                                                  \fi \fi 
l.242 
      pdfTeX warning (ext4): destination with the same identifier (name{table.6
.3}) has been already used, duplicate ignored

\AtBegShi@Output ...ipout \box \AtBeginShipoutBox 
                                                  \fi \fi 
l.242 
      pdfTeX warning (ext4): destination with the same identifier (name{table.6
.4}) has been already used, duplicate ignored

\AtBegShi@Output ...ipout \box \AtBeginShipoutBox 
                                                  \fi \fi 
l.242 
      ]
Underfull \vbox (badness 2837) has occurred while \output is active []

 [71pdfTeX warning (ext4): destination with the same identifier (name{table.6.5
}) has been already used, duplicate ignored

\AtBegShi@Output ...ipout \box \AtBeginShipoutBox 
                                                  \fi \fi 
l.272 
      pdfTeX warning (ext4): destination with the same identifier (name{table.6
.6}) has been already used, duplicate ignored

\AtBegShi@Output ...ipout \box \AtBeginShipoutBox 
                                                  \fi \fi 
l.272 
      ] <figuras/prototipo_home.jpg, id=859, 455.45157pt x 267.24844pt>
File: figuras/prototipo_home.jpg Graphic file (type jpg)

<use figuras/prototipo_home.jpg>
Package pdftex.def Info: figuras/prototipo_home.jpg used on input line 275.
(pdftex.def)             Requested size: 284.53143pt x 170.72441pt.

<figuras/prototipo_help.jpg, id=860, 455.45157pt x 267.24844pt>
File: figuras/prototipo_help.jpg Graphic file (type jpg)

<use figuras/prototipo_help.jpg>
Package pdftex.def Info: figuras/prototipo_help.jpg used on input line 282.
(pdftex.def)             Requested size: 284.53143pt x 170.72441pt.

<figuras/prototipo_test.jpg, id=861, 652.4375pt x 401.5pt>
File: figuras/prototipo_test.jpg Graphic file (type jpg)

<use figuras/prototipo_test.jpg>
Package pdftex.def Info: figuras/prototipo_test.jpg used on input line 289.
(pdftex.def)             Requested size: 284.53476pt x 170.71794pt.
 [72pdfTeX warning (ext4): destination with the same identifier (name{figure.6.
1}) has been already used, duplicate ignored

\AtBegShi@Output ...ipout \box \AtBeginShipoutBox 
                                                  \fi \fi 
l.293 
      pdfTeX warning (ext4): destination with the same identifier (name{figure.
6.2}) has been already used, duplicate ignored

\AtBegShi@Output ...ipout \box \AtBeginShipoutBox 
                                                  \fi \fi 
l.293 
       <C:/Users/Adrián/Desktop/tfg/stac/documentacion/memoria/figuras/prototi
po_home.jpg> <C:/Users/Adrián/Desktop/tfg/stac/documentacion/memoria/figuras/p
rototipo_help.jpg>]
<figuras/prototipo_results.jpg, id=866, 652.4375pt x 401.5pt>
File: figuras/prototipo_results.jpg Graphic file (type jpg)

<use figuras/prototipo_results.jpg>
Package pdftex.def Info: figuras/prototipo_results.jpg used on input line 296.
(pdftex.def)             Requested size: 284.53476pt x 170.71794pt.
 [73pdfTeX warning (ext4): destination with the same identifier (name{figure.6.
3}) has been already used, duplicate ignored

\AtBegShi@Output ...ipout \box \AtBeginShipoutBox 
                                                  \fi \fi 
l.312 ... aparezca en un orden natural y lógico.}
                                                  pdfTeX warning (ext4): destin
ation with the same identifier (name{figure.6.4}) has been already used, duplic
ate ignored

\AtBegShi@Output ...ipout \box \AtBeginShipoutBox 
                                                  \fi \fi 
l.312 ... aparezca en un orden natural y lógico.}
                                                   <C:/Users/Adrián/Desktop/tf
g/stac/documentacion/memoria/figuras/prototipo_test.jpg> <C:/Users/Adrián/Desk
top/tfg/stac/documentacion/memoria/figuras/prototipo_results.jpg>]
<figuras/sec_subir_fichero.jpg, id=871, 543.02875pt x 449.68pt>
File: figuras/sec_subir_fichero.jpg Graphic file (type jpg)

<use figuras/sec_subir_fichero.jpg>
Package pdftex.def Info: figuras/sec_subir_fichero.jpg used on input line 358.
(pdftex.def)             Requested size: 312.99312pt x 227.62523pt.

Underfull \vbox (badness 10000) has occurred while \output is active []

 [74]
<figuras/sec_consultar_fichero.jpg, id=876, 549.05125pt x 441.65pt>
File: figuras/sec_consultar_fichero.jpg Graphic file (type jpg)

<use figuras/sec_consultar_fichero.jpg>
Package pdftex.def Info: figuras/sec_consultar_fichero.jpg used on input line 3
65.
(pdftex.def)             Requested size: 312.9876pt x 227.62413pt.
) [75pdfTeX warning (ext4): destination with the same identifier (name{figure.6
.5}) has been already used, duplicate ignored

\AtBegShi@Output ...ipout \box \AtBeginShipoutBox 
                                                  \fi \fi 
l.44 \include{capitulos/disenhoimpl}
                                    pdfTeX warning (ext4): destination with the
 same identifier (name{figure.6.6}) has been already used, duplicate ignored

\AtBegShi@Output ...ipout \box \AtBeginShipoutBox 
                                                  \fi \fi 
l.44 \include{capitulos/disenhoimpl}
                                     <C:/Users/Adrián/Desktop/tfg/stac/documen
tacion/memoria/figuras/sec_subir_fichero.jpg> <C:/Users/Adrián/Desktop/tfg/sta
c/documentacion/memoria/figuras/sec_consultar_fichero.jpg>] [76


]
(C:\Users\Adrián\Desktop\tfg\stac\documentacion\memoria\capitulos/bibliografia
.tex) [77



]
Package atveryend Info: Empty hook `BeforeClearDocument' on input line 52.
Package atveryend Info: Empty hook `AfterLastShipout' on input line 52.
 (C:\Users\Adrián\Desktop\tfg\stac\documentacion\memoria\memoria.aux (C:\Users
\Adrián\Desktop\tfg\stac\documentacion\memoria\capitulos/titulo.aux)
(C:\Users\Adrián\Desktop\tfg\stac\documentacion\memoria\capitulos/agradecimien
tos.aux)
(C:\Users\Adrián\Desktop\tfg\stac\documentacion\memoria\capitulos/introduccion
.aux)
(C:\Users\Adrián\Desktop\tfg\stac\documentacion\memoria\capitulos/contrasteh.a
ux)
(C:\Users\Adrián\Desktop\tfg\stac\documentacion\memoria\capitulos/analisisreq.
aux)
(C:\Users\Adrián\Desktop\tfg\stac\documentacion\memoria\capitulos/gestionproy.
aux)
(C:\Users\Adrián\Desktop\tfg\stac\documentacion\memoria\capitulos/arquitectura
h.aux)
(C:\Users\Adrián\Desktop\tfg\stac\documentacion\memoria\capitulos/disenhoimpl.
aux)
(C:\Users\Adrián\Desktop\tfg\stac\documentacion\memoria\capitulos/bibliografia
.aux))
Package atveryend Info: Executing hook `AtVeryEndDocument' on input line 52.
Package atveryend Info: Executing hook `AtEndAfterFileList' on input line 52.
Package rerunfilecheck Info: File `memoria.out' has not changed.
(rerunfilecheck)             Checksum: B366236707595C067CCC0E4DB6D941F3;3968.
Package atveryend Info: Empty hook `AtVeryVeryEnd' on input line 52.
 ) 
Here is how much of TeX's memory you used:
 9579 strings out of 493921
 140223 string characters out of 3144870
 249420 words of memory out of 3000000
 12429 multiletter control sequences out of 15000+200000
 10997 words of font info for 39 fonts, out of 3000000 for 9000
 841 hyphenation exceptions out of 8191
 29i,12n,44p,1339b,1468s stack positions out of 5000i,500n,10000p,200000b,50000s
 <C:\Users\Adrián\AppData\Local\MiKTeX\2.9\fonts\pk\ljfour\jknappen\ec\dpi60
0\tcrm1000.pk><C:/Program Files (x86)/MiKTeX 2.9/fonts/type1/public/amsfonts/cm
/cmbx10.pfb><C:/Program Files (x86)/MiKTeX 2.9/fonts/type1/public/amsfonts/cm/c
mbx12.pfb><C:/Program Files (x86)/MiKTeX 2.9/fonts/type1/public/amsfonts/cm/cmb
xti10.pfb><C:/Program Files (x86)/MiKTeX 2.9/fonts/type1/public/amsfonts/cm/cmc
sc10.pfb><C:/Program Files (x86)/MiKTeX 2.9/fonts/type1/public/amsfonts/cm/cmex
10.pfb><C:/Program Files (x86)/MiKTeX 2.9/fonts/type1/public/amsfonts/cm/cmmi10
.pfb><C:/Program Files (x86)/MiKTeX 2.9/fonts/type1/public/amsfonts/cm/cmmi5.pf
b><C:/Program Files (x86)/MiKTeX 2.9/fonts/type1/public/amsfonts/cm/cmmi7.pfb><
C:/Program Files (x86)/MiKTeX 2.9/fonts/type1/public/amsfonts/cm/cmmi8.pfb><C:/
Program Files (x86)/MiKTeX 2.9/fonts/type1/public/amsfonts/cm/cmr10.pfb><C:/Pro
gram Files (x86)/MiKTeX 2.9/fonts/type1/public/amsfonts/cm/cmr5.pfb><C:/Program
 Files (x86)/MiKTeX 2.9/fonts/type1/public/amsfonts/cm/cmr6.pfb><C:/Program Fil
es (x86)/MiKTeX 2.9/fonts/type1/public/amsfonts/cm/cmr7.pfb><C:/Program Files (
x86)/MiKTeX 2.9/fonts/type1/public/amsfonts/cm/cmr8.pfb><C:/Program Files (x86)
/MiKTeX 2.9/fonts/type1/public/amsfonts/cm/cmsl10.pfb><C:/Program Files (x86)/M
iKTeX 2.9/fonts/type1/public/amsfonts/cm/cmsy10.pfb><C:/Program Files (x86)/MiK
TeX 2.9/fonts/type1/public/amsfonts/cm/cmsy5.pfb><C:/Program Files (x86)/MiKTeX
 2.9/fonts/type1/public/amsfonts/cm/cmsy7.pfb><C:/Program Files (x86)/MiKTeX 2.
9/fonts/type1/public/amsfonts/cm/cmsy8.pfb><C:/Program Files (x86)/MiKTeX 2.9/f
onts/type1/public/amsfonts/cm/cmti10.pfb><C:/Program Files (x86)/MiKTeX 2.9/fon
ts/type1/public/amsfonts/cm/cmtt10.pfb><C:/Program Files (x86)/MiKTeX 2.9/fonts
/type1/public/amsfonts/cm/cmtt9.pfb><C:/Program Files (x86)/MiKTeX 2.9/fonts/ty
pe1/public/eurosym/feymr10.pfb>
Output written on memoria.pdf (85 pages, 1289704 bytes).
PDF statistics:
 1022 PDF objects out of 1200 (max. 8388607)
 243 named destinations out of 1000 (max. 500000)
 565 words of extra memory for PDF output out of 10000 (max. 10000000)

