\BOOKMARK [0][-]{chapter.1}{Introducci\363n}{}% 1
\BOOKMARK [1][-]{section.1.1}{Objetivos del proyecto}{chapter.1}% 2
\BOOKMARK [1][-]{section.1.2}{Organizaci\363n del documento}{chapter.1}% 3
\BOOKMARK [0][-]{chapter.2}{Contraste de hip\363tesis}{}% 4
\BOOKMARK [1][-]{section.2.1}{Hip\363tesis nula y alternativa}{chapter.2}% 5
\BOOKMARK [1][-]{section.2.2}{Estad\355stico de contraste}{chapter.2}% 6
\BOOKMARK [1][-]{section.2.3}{Decisiones y tipos de error}{chapter.2}% 7
\BOOKMARK [1][-]{section.2.4}{Intervalos de confianza}{chapter.2}% 8
\BOOKMARK [1][-]{section.2.5}{Decisi\363n final y p-valor}{chapter.2}% 9
\BOOKMARK [1][-]{section.2.6}{Etapas en la resoluci\363n de un contraste de hip\363tesis}{chapter.2}% 10
\BOOKMARK [1][-]{section.2.7}{Tests param\351tricos}{chapter.2}% 11
\BOOKMARK [2][-]{subsection.2.7.1}{Condiciones Param\351tricas}{section.2.7}% 12
\BOOKMARK [2][-]{subsection.2.7.2}{Test ANOVA}{section.2.7}% 13
\BOOKMARK [2][-]{subsection.2.7.3}{t-test}{section.2.7}% 14
\BOOKMARK [1][-]{section.2.8}{Tests no param\351tricos}{chapter.2}% 15
\BOOKMARK [2][-]{subsection.2.8.1}{Test de Wilcoxon}{section.2.8}% 16
\BOOKMARK [2][-]{subsection.2.8.2}{Test de Friedman}{section.2.8}% 17
\BOOKMARK [2][-]{subsection.2.8.3}{Test de Iman-Davenport}{section.2.8}% 18
\BOOKMARK [2][-]{subsection.2.8.4}{Test de los Rangos Alineados de Friedman}{section.2.8}% 19
\BOOKMARK [2][-]{subsection.2.8.5}{Test de Quade}{section.2.8}% 20
\BOOKMARK [2][-]{subsection.2.8.6}{Tests POST-HOC}{section.2.8}% 21
\BOOKMARK [0][-]{chapter.3}{An\341lisis de requisitos}{}% 22
\BOOKMARK [1][-]{section.3.1}{Epics}{chapter.3}% 23
\BOOKMARK [1][-]{section.3.2}{Historias de usuario}{chapter.3}% 24
\BOOKMARK [2][-]{subsection.3.2.1}{Historias de usuario desarrollador}{section.3.2}% 25
\BOOKMARK [2][-]{subsection.3.2.2}{Historias de usuario cliente}{section.3.2}% 26
\BOOKMARK [0][-]{chapter.4}{Gesti\363n del proyecto}{}% 27
\BOOKMARK [1][-]{section.4.1}{An\341lisis de riesgos}{chapter.4}% 28
\BOOKMARK [1][-]{section.4.2}{Metodolog\355a de desarrollo}{chapter.4}% 29
\BOOKMARK [2][-]{subsection.4.2.1}{Metodolog\355as \341giles}{section.4.2}% 30
\BOOKMARK [2][-]{subsection.4.2.2}{Scrum}{section.4.2}% 31
\BOOKMARK [1][-]{section.4.3}{Gesti\363n de la configuraci\363n}{chapter.4}% 32
\BOOKMARK [1][-]{section.4.4}{Planificaci\363n temporal}{chapter.4}% 33
\BOOKMARK [1][-]{section.4.5}{Estimaci\363n de costes}{chapter.4}% 34
\BOOKMARK [0][-]{chapter.5}{Arquitectura y herramientas}{}% 35
\BOOKMARK [1][-]{section.5.1}{Arquitectura del sistema}{chapter.5}% 36
\BOOKMARK [1][-]{section.5.2}{Herramientas de dise\361o}{chapter.5}% 37
\BOOKMARK [2][-]{subsection.5.2.1}{Herramientas}{section.5.2}% 38
\BOOKMARK [2][-]{subsection.5.2.2}{Patrones de dise\361o}{section.5.2}% 39
\BOOKMARK [1][-]{section.5.3}{Herramientas de desarrollo}{chapter.5}% 40
\BOOKMARK [2][-]{subsection.5.3.1}{An\341lisis de librer\355as de test estad\355sticos en Python}{section.5.3}% 41
\BOOKMARK [2][-]{subsection.5.3.2}{An\341lisis de librer\355as para servicios REST en Python}{section.5.3}% 42
\BOOKMARK [2][-]{subsection.5.3.3}{An\341lisis de frameworks para desarrollo web}{section.5.3}% 43
\BOOKMARK [2][-]{subsection.5.3.4}{Otras herramientas}{section.5.3}% 44
\BOOKMARK [0][-]{chapter.6}{Dise\361o e implementaci\363n}{}% 45
\BOOKMARK [1][-]{section.6.1}{M\363dulo Python test estad\355sticos}{chapter.6}% 46
\BOOKMARK [2][-]{subsection.6.1.1}{Test param\351tricos}{section.6.1}% 47
\BOOKMARK [2][-]{subsection.6.1.2}{Test no param\351tricos}{section.6.1}% 48
\BOOKMARK [1][-]{section.6.2}{API Servicios REST}{chapter.6}% 49
\BOOKMARK [1][-]{section.6.3}{Aplicaci\363n web}{chapter.6}% 50
\BOOKMARK [2][-]{subsection.6.3.1}{Prototipo de la interfaz gr\341fica}{section.6.3}% 51
\BOOKMARK [2][-]{subsection.6.3.2}{Heur\355sticas de Nielsen}{section.6.3}% 52
\BOOKMARK [2][-]{subsection.6.3.3}{Diagramas de secuencia}{section.6.3}% 53
\BOOKMARK [0][-]{chapter.7}{Validaci\363n y pruebas}{}% 54
\BOOKMARK [1][-]{section.7.1}{Pruebas unitarias}{chapter.7}% 55
\BOOKMARK [1][-]{section.7.2}{Validaci\363n de requisitos}{chapter.7}% 56
\BOOKMARK [0][-]{chapter.8}{Valoraciones finales}{}% 57
\BOOKMARK [1][-]{section.8.1}{Posibles mejoras}{chapter.8}% 58
\BOOKMARK [2][-]{subsection.8.1.1}{Test estad\355sticos para datos no apareados}{section.8.1}% 59
\BOOKMARK [2][-]{subsection.8.1.2}{Datos de entrada}{section.8.1}% 60
\BOOKMARK [2][-]{subsection.8.1.3}{Otras mejoras}{section.8.1}% 61
\BOOKMARK [0][-]{appendix.Alph1}{Manual t\351cnico}{}% 62
\BOOKMARK [1][-]{section.Alph1.1}{Despliegue de la aplicaci\363n en Apache}{appendix.Alph1}% 63
\BOOKMARK [0][-]{appendix.Alph2}{Manual de usuario}{}% 64
\BOOKMARK [1][-]{section.Alph2.1}{P\341gina de inicio}{appendix.Alph2}% 65
\BOOKMARK [1][-]{section.Alph2.2}{Ayuda y consulta de datos}{appendix.Alph2}% 66
\BOOKMARK [1][-]{section.Alph2.3}{Selecci\363n de par\341metros / opciones de test}{appendix.Alph2}% 67
\BOOKMARK [1][-]{section.Alph2.4}{Visualizaci\363n de resultados}{appendix.Alph2}% 68
